<?xml version="1.0" encoding="UTF-8"?>
<testng-results skipped="0" failed="0" ignored="0" total="2" passed="2">
  <reporter-output>
  </reporter-output>
  <suite name="Suite" duration-ms="35" started-at="2019-11-06T09:14:07 IST" finished-at="2019-11-06T09:14:07 IST">
    <groups>
    </groups>
    <test name="Test" duration-ms="35" started-at="2019-11-06T09:14:07 IST" finished-at="2019-11-06T09:14:07 IST">
      <class name="basic1.Basic2">
        <test-method status="PASS" signature="m3()[pri:0, instance:basic1.Basic2@185d8b6]" name="m3" is-config="true" duration-ms="0" started-at="2019-11-06T09:14:07 IST" finished-at="2019-11-06T09:14:07 IST">
          <reporter-output>
          </reporter-output>
        </test-method> <!-- m3 -->
      </class> <!-- basic1.Basic2 -->
      <class name="basic1.classA">
        <test-method status="PASS" signature="m4()[pri:0, instance:basic1.classA@18eed359]" name="m4" duration-ms="7" started-at="2019-11-06T09:14:07 IST" finished-at="2019-11-06T09:14:07 IST">
          <reporter-output>
          </reporter-output>
        </test-method> <!-- m4 -->
        <test-method status="PASS" signature="m5()[pri:0, instance:basic1.classA@18eed359]" name="m5" is-config="true" duration-ms="0" started-at="2019-11-06T09:14:07 IST" finished-at="2019-11-06T09:14:07 IST">
          <reporter-output>
          </reporter-output>
        </test-method> <!-- m5 -->
      </class> <!-- basic1.classA -->
      <class name="basic1.Basic">
        <test-method status="PASS" signature="m1()[pri:0, instance:basic1.Basic@3e9b1010]" name="m1" duration-ms="0" started-at="2019-11-06T09:14:07 IST" finished-at="2019-11-06T09:14:07 IST">
          <reporter-output>
          </reporter-output>
        </test-method> <!-- m1 -->
        <test-method status="PASS" signature="m2()[pri:0, instance:basic1.Basic@3e9b1010]" name="m2" is-config="true" duration-ms="1" started-at="2019-11-06T09:14:07 IST" finished-at="2019-11-06T09:14:07 IST">
          <reporter-output>
          </reporter-output>
        </test-method> <!-- m2 -->
      </class> <!-- basic1.Basic -->
    </test> <!-- Test -->
  </suite> <!-- Suite -->
</testng-results>
